<?xml version="1.0" encoding="UTF-8"?>
<testng-results ignored="0" total="2" passed="2" failed="0" skipped="0">
  <reporter-output>
  </reporter-output>
  <suite started-at="2024-08-11T22:05:44 EET" name="Default suite" finished-at="2024-08-11T22:05:46 EET" duration-ms="2042">
    <groups>
    </groups>
    <test started-at="2024-08-11T22:05:44 EET" name="Default test" finished-at="2024-08-11T22:05:46 EET" duration-ms="2042">
      <class name="newThirdProjectAuto.AddTest$MyTestcases">
        <test-method is-config="true" signature="mysetUp()[pri:0, instance:newThirdProjectAuto.AddTest$MyTestcases@235f4c10]" started-at="2024-08-11T22:05:44 EET" name="mysetUp" finished-at="2024-08-11T22:05:45 EET" duration-ms="1561" status="PASS">
          <reporter-output>
          </reporter-output>
        </test-method> <!-- mysetUp -->
        <test-method signature="loginTest()[pri:1, instance:newThirdProjectAuto.AddTest$MyTestcases@235f4c10]" started-at="2024-08-11T22:05:45 EET" name="loginTest" finished-at="2024-08-11T22:05:46 EET" duration-ms="295" status="PASS">
          <reporter-output>
          </reporter-output>
        </test-method> <!-- loginTest -->
        <test-method signature="addToCard4Items()[pri:2, instance:newThirdProjectAuto.AddTest$MyTestcases@235f4c10]" started-at="2024-08-11T22:05:46 EET" name="addToCard4Items" finished-at="2024-08-11T22:05:46 EET" duration-ms="142" status="PASS">
          <reporter-output>
          </reporter-output>
        </test-method> <!-- addToCard4Items -->
      </class> <!-- newThirdProjectAuto.AddTest$MyTestcases -->
    </test> <!-- Default test -->
  </suite> <!-- Default suite -->
</testng-results>
